<?xml version="1.0" encoding="UTF-8"?>
<!-- Generated by org.testng.reporters.JUnitReportReporter -->
<testsuite skipped="0" hostname="LAPTOP-6QHL3RD4" name="com.class12.BrokenImagesDemo" tests="1" failures="0" timestamp="02 Jun 2019 18:19:11 GMT" time="14.346" errors="0">
  <testcase name="brokenImagesVerification" time="14.346" classname="com.class12.BrokenImagesDemo"/>
</testsuite> <!-- com.class12.BrokenImagesDemo -->
