<?xml version="1.0" encoding="UTF-8"?>
<!-- Generated by org.testng.reporters.JUnitReportReporter -->
<testsuite skipped="0" hostname="LAPTOP-6QHL3RD4" name="com.class12.BrokenImagesExample" tests="3" failures="0" timestamp="07 Jun 2019 02:50:31 GMT" time="49.508" errors="0">
  <testcase name="checkLogo" time="8.643" classname="com.class12.BrokenImagesExample"/>
  <testcase name="logo" time="28.552" classname="com.class12.BrokenImagesExample"/>
  <testcase name="logIn" time="12.313" classname="com.class12.BrokenImagesExample"/>
</testsuite> <!-- com.class12.BrokenImagesExample -->
