<?xml version="1.0" encoding="UTF-8"?>
<!-- Generated by org.testng.reporters.JUnitReportReporter -->
<testsuite skipped="0" hostname="LAPTOP-6QHL3RD4" name="com.class12.BrokenLinkDemo" tests="1" failures="0" timestamp="02 Jun 2019 16:46:46 GMT" time="15.005" errors="0">
  <testcase name="brokenLinksVerification" time="15.005" classname="com.class12.BrokenLinkDemo"/>
</testsuite> <!-- com.class12.BrokenLinkDemo -->
