<?xml version="1.0" encoding="UTF-8"?>
<!-- Generated by org.testng.reporters.JUnitReportReporter -->
<testsuite skipped="0" hostname="LAPTOP-6QHL3RD4" name="com.class12.JavaScriptExecuterConcept" tests="1" failures="0" timestamp="01 Jun 2019 07:20:25 GMT" time="20.722" errors="0">
  <testcase name="javaScriptTest" time="20.722" classname="com.class12.JavaScriptExecuterConcept"/>
</testsuite> <!-- com.class12.JavaScriptExecuterConcept -->
