<?xml version="1.0" encoding="UTF-8"?>
<!-- Generated by org.testng.reporters.JUnitReportReporter -->
<testsuite skipped="0" hostname="LAPTOP-6QHL3RD4" name="com.class11.TestNG" tests="1" failures="0" timestamp="28 May 2019 21:44:17 GMT" time="0.007" errors="0">
  <testcase name="sayHello" time="0.007" classname="com.class11.TestNG"/>
</testsuite> <!-- com.class11.TestNG -->
