<?xml version="1.0" encoding="UTF-8"?>
<!-- Generated by org.testng.reporters.JUnitReportReporter -->
<testsuite skipped="0" hostname="LAPTOP-6QHL3RD4" name="com.class12.OrangeHRMLoginTestwProperties" tests="1" failures="0" timestamp="02 Jun 2019 18:31:35 GMT" time="10.845" errors="0">
  <testcase name="loginTest" time="10.845" classname="com.class12.OrangeHRMLoginTestwProperties"/>
</testsuite> <!-- com.class12.OrangeHRMLoginTestwProperties -->
